# JRE version: Java(TM) SE Runtime Environment (8.0_40-b26) (build 1.8.0_40-b26)
# Java VM: Java HotSpot(TM) 64-Bit Server VM (25.40-b25 mixed mode windows-amd64 compressed oops)
Heap:
 PSYoungGen      total 40960K, used 957K [0x00000000d6200000, 0x00000000d9280000, 0x0000000100000000)
  eden space 32256K, 2% used [0x00000000d6200000,0x00000000d62ef6c0,0x00000000d8180000)
  from space 8704K, 0% used [0x00000000d8a00000,0x00000000d8a00000,0x00000000d9280000)
  to   space 8704K, 0% used [0x00000000d8180000,0x00000000d8180000,0x00000000d8a00000)
 ParOldGen       total 86016K, used 8009K [0x0000000082600000, 0x0000000087a00000, 0x00000000d6200000)
  object space 86016K, 9% used [0x0000000082600000,0x0000000082dd2640,0x0000000087a00000)
 Metaspace       used 16626K, capacity 17044K, committed 17280K, reserved 1064960K
  class space    used 1967K, capacity 2133K, committed 2176K, reserved 1048576K
GC Heap History (10 events):
Event: 4.419 GC heap before
{Heap before GC invocations=3 (full 0):
 PSYoungGen      total 37888K, used 37876K [0x00000000d6200000, 0x00000000dac00000, 0x0000000100000000)
  eden space 32768K, 100% used [0x00000000d6200000,0x00000000d8200000,0x00000000d8200000)
  from space 5120K, 99% used [0x00000000d8700000,0x00000000d8bfd260,0x00000000d8c00000)
  to   space 5120K, 0% used [0x00000000d8200000,0x00000000d8200000,0x00000000d8700000)
 ParOldGen       total 86016K, used 936K [0x0000000082600000, 0x0000000087a00000, 0x00000000d6200000)
  object space 86016K, 1% used [0x0000000082600000,0x00000000826ea290,0x0000000087a00000)
 Metaspace       used 13668K, capacity 13894K, committed 14080K, reserved 1060864K
  class space    used 1657K, capacity 1769K, committed 1792K, reserved 1048576K
Event: 4.429 GC heap after
Heap after GC invocations=3 (full 0):
 PSYoungGen      total 37888K, used 5107K [0x00000000d6200000, 0x00000000d8c00000, 0x0000000100000000)
  eden space 32768K, 0% used [0x00000000d6200000,0x00000000d6200000,0x00000000d8200000)
  from space 5120K, 99% used [0x00000000d8200000,0x00000000d86fccf8,0x00000000d8700000)
  to   space 5120K, 0% used [0x00000000d8700000,0x00000000d8700000,0x00000000d8c00000)
 ParOldGen       total 86016K, used 2481K [0x0000000082600000, 0x0000000087a00000, 0x00000000d6200000)
  object space 86016K, 2% used [0x0000000082600000,0x000000008286c620,0x0000000087a00000)
 Metaspace       used 13668K, capacity 13894K, committed 14080K, reserved 1060864K
  class space    used 1657K, capacity 1769K, committed 1792K, reserved 1048576K
}
Event: 5.620 GC heap before
{Heap before GC invocations=4 (full 0):
 PSYoungGen      total 37888K, used 37875K [0x00000000d6200000, 0x00000000d8c00000, 0x0000000100000000)
  eden space 32768K, 100% used [0x00000000d6200000,0x00000000d8200000,0x00000000d8200000)
  from space 5120K, 99% used [0x00000000d8200000,0x00000000d86fccf8,0x00000000d8700000)
  to   space 5120K, 0% used [0x00000000d8700000,0x00000000d8700000,0x00000000d8c00000)
 ParOldGen       total 86016K, used 2481K [0x0000000082600000, 0x0000000087a00000, 0x00000000d6200000)
  object space 86016K, 2% used [0x0000000082600000,0x000000008286c620,0x0000000087a00000)
 Metaspace       used 14384K, capacity 14628K, committed 14976K, reserved 1062912K
  class space    used 1721K, capacity 1842K, committed 1920K, reserved 1048576K
Event: 5.633 GC heap after
Heap after GC invocations=4 (full 0):
 PSYoungGen      total 37888K, used 5088K [0x00000000d6200000, 0x00000000d8c00000, 0x0000000100000000)
  eden space 32768K, 0% used [0x00000000d6200000,0x00000000d6200000,0x00000000d8200000)
  from space 5120K, 99% used [0x00000000d8700000,0x00000000d8bf8020,0x00000000d8c00000)
  to   space 5120K, 0% used [0x00000000d8200000,0x00000000d8200000,0x00000000d8700000)
 ParOldGen       total 86016K, used 3678K [0x0000000082600000, 0x0000000087a00000, 0x00000000d6200000)
  object space 86016K, 4% used [0x0000000082600000,0x00000000829979c8,0x0000000087a00000)
 Metaspace       used 14384K, capacity 14628K, committed 14976K, reserved 1062912K
  class space    used 1721K, capacity 1842K, committed 1920K, reserved 1048576K
}
Event: 6.516 GC heap before
{Heap before GC invocations=5 (full 0):
 PSYoungGen      total 37888K, used 37856K [0x00000000d6200000, 0x00000000d8c00000, 0x0000000100000000)
  eden space 32768K, 100% used [0x00000000d6200000,0x00000000d8200000,0x00000000d8200000)
  from space 5120K, 99% used [0x00000000d8700000,0x00000000d8bf8020,0x00000000d8c00000)
  to   space 5120K, 0% used [0x00000000d8200000,0x00000000d8200000,0x00000000d8700000)
 ParOldGen       total 86016K, used 3678K [0x0000000082600000, 0x0000000087a00000, 0x00000000d6200000)
  object space 86016K, 4% used [0x0000000082600000,0x00000000829979c8,0x0000000087a00000)
 Metaspace       used 15580K, capacity 15916K, committed 16128K, reserved 1062912K
  class space    used 1815K, capacity 1949K, committed 2048K, reserved 1048576K
Event: 6.528 GC heap after
Heap after GC invocations=5 (full 0):
 PSYoungGen      total 37376K, used 5088K [0x00000000d6200000, 0x00000000d9280000, 0x0000000100000000)
  eden space 32256K, 0% used [0x00000000d6200000,0x00000000d6200000,0x00000000d8180000)
  from space 5120K, 99% used [0x00000000d8200000,0x00000000d86f8020,0x00000000d8700000)
  to   space 8704K, 0% used [0x00000000d8a00000,0x00000000d8a00000,0x00000000d9280000)
 ParOldGen       total 86016K, used 5993K [0x0000000082600000, 0x0000000087a00000, 0x00000000d6200000)
  object space 86016K, 6% used [0x0000000082600000,0x0000000082bda780,0x0000000087a00000)
 Metaspace       used 15580K, capacity 15916K, committed 16128K, reserved 1062912K
  class space    used 1815K, capacity 1949K, committed 2048K, reserved 1048576K
}
Event: 7.147 GC heap before
{Heap before GC invocations=6 (full 0):
 PSYoungGen      total 37376K, used 20392K [0x00000000d6200000, 0x00000000d9280000, 0x0000000100000000)
  eden space 32256K, 47% used [0x00000000d6200000,0x00000000d70f2040,0x00000000d8180000)
  from space 5120K, 99% used [0x00000000d8200000,0x00000000d86f8020,0x00000000d8700000)
  to   space 8704K, 0% used [0x00000000d8a00000,0x00000000d8a00000,0x00000000d9280000)
 ParOldGen       total 86016K, used 5993K [0x0000000082600000, 0x0000000087a00000, 0x00000000d6200000)
  object space 86016K, 6% used [0x0000000082600000,0x0000000082bda780,0x0000000087a00000)
 Metaspace       used 16615K, capacity 17044K, committed 17280K, reserved 1064960K
  class space    used 1966K, capacity 2133K, committed 2176K, reserved 1048576K
Event: 7.160 GC heap after
Heap after GC invocations=6 (full 0):
 PSYoungGen      total 40960K, used 6614K [0x00000000d6200000, 0x00000000d9280000, 0x0000000100000000)
  eden space 32256K, 0% used [0x00000000d6200000,0x00000000d6200000,0x00000000d8180000)
  from space 8704K, 75% used [0x00000000d8a00000,0x00000000d9075ba0,0x00000000d9280000)
  to   space 8704K, 0% used [0x00000000d8180000,0x00000000d8180000,0x00000000d8a00000)
 ParOldGen       total 86016K, used 6001K [0x0000000082600000, 0x0000000087a00000, 0x00000000d6200000)
  object space 86016K, 6% used [0x0000000082600000,0x0000000082bdc780,0x0000000087a00000)
 Metaspace       used 16615K, capacity 17044K, committed 17280K, reserved 1064960K
  class space    used 1966K, capacity 2133K, committed 2176K, reserved 1048576K
}
Event: 7.160 GC heap before
{Heap before GC invocations=7 (full 1):
 PSYoungGen      total 40960K, used 6614K [0x00000000d6200000, 0x00000000d9280000, 0x0000000100000000)
  eden space 32256K, 0% used [0x00000000d6200000,0x00000000d6200000,0x00000000d8180000)
  from space 8704K, 75% used [0x00000000d8a00000,0x00000000d9075ba0,0x00000000d9280000)
  to   space 8704K, 0% used [0x00000000d8180000,0x00000000d8180000,0x00000000d8a00000)
 ParOldGen       total 86016K, used 6001K [0x0000000082600000, 0x0000000087a00000, 0x00000000d6200000)
  object space 86016K, 6% used [0x0000000082600000,0x0000000082bdc780,0x0000000087a00000)
 Metaspace       used 16615K, capacity 17044K, committed 17280K, reserved 1064960K
  class space    used 1966K, capacity 2133K, committed 2176K, reserved 1048576K
Event: 7.217 GC heap after
Heap after GC invocations=7 (full 1):
 PSYoungGen      total 40960K, used 0K [0x00000000d6200000, 0x00000000d9280000, 0x0000000100000000)
  eden space 32256K, 0% used [0x00000000d6200000,0x00000000d6200000,0x00000000d8180000)
  from space 8704K, 0% used [0x00000000d8a00000,0x00000000d8a00000,0x00000000d9280000)
  to   space 8704K, 0% used [0x00000000d8180000,0x00000000d8180000,0x00000000d8a00000)
 ParOldGen       total 86016K, used 8009K [0x0000000082600000, 0x0000000087a00000, 0x00000000d6200000)
  object space 86016K, 9% used [0x0000000082600000,0x0000000082dd2640,0x0000000087a00000)
 Metaspace       used 16615K, capacity 17044K, committed 17280K, reserved 1064960K
  class space    used 1966K, capacity 2133K, committed 2176K, reserved 1048576K
}

